<?xml version="1.0" encoding="UTF-8"?>
<testng-results ignored="0" total="2" passed="2" failed="0" skipped="0">
  <reporter-output>
  </reporter-output>
  <suite started-at="2021-12-17T07:56:34 EET" name="Default suite" finished-at="2021-12-17T07:56:45 EET" duration-ms="11141">
    <groups>
    </groups>
    <test started-at="2021-12-17T07:56:34 EET" name="Default test" finished-at="2021-12-17T07:56:45 EET" duration-ms="11141">
      <class name="tests.AddShippingAddressTest">
        <test-method is-config="true" signature="startDriver()[pri:0, instance:tests.AddShippingAddressTest@19a544cd]" started-at="2021-12-17T07:56:29 EET" name="startDriver" finished-at="2021-12-17T07:56:34 EET" duration-ms="4648" status="PASS">
          <reporter-output>
          </reporter-output>
        </test-method> <!-- startDriver -->
        <test-method signature="UserCanReg()[pri:0, instance:tests.AddShippingAddressTest@19a544cd]" started-at="2021-12-17T07:56:34 EET" name="UserCanReg" finished-at="2021-12-17T07:56:37 EET" duration-ms="3154" status="PASS">
          <reporter-output>
          </reporter-output>
        </test-method> <!-- UserCanReg -->
        <test-method is-config="true" signature="takescreenshot(org.testng.ITestResult)[pri:0, instance:tests.AddShippingAddressTest@19a544cd]" started-at="2021-12-17T07:56:37 EET" name="takescreenshot" finished-at="2021-12-17T07:56:37 EET" duration-ms="1" status="PASS">
          <params>
            <param index="0">
              <value>
                <![CDATA[[TestResult name=UserCanReg status=SUCCESS method=AddShippingAddressTest.UserCanReg()[pri:0, instance:tests.AddShippingAddressTest@19a544cd] output={null}]]]>
              </value>
            </param>
          </params>
          <reporter-output>
          </reporter-output>
        </test-method> <!-- takescreenshot -->
        <test-method signature="UserCanAddAddress()[pri:1, instance:tests.AddShippingAddressTest@19a544cd]" started-at="2021-12-17T07:56:37 EET" name="UserCanAddAddress" finished-at="2021-12-17T07:56:45 EET" duration-ms="7957" status="PASS">
          <reporter-output>
          </reporter-output>
        </test-method> <!-- UserCanAddAddress -->
        <test-method is-config="true" signature="takescreenshot(org.testng.ITestResult)[pri:0, instance:tests.AddShippingAddressTest@19a544cd]" started-at="2021-12-17T07:56:45 EET" name="takescreenshot" finished-at="2021-12-17T07:56:45 EET" duration-ms="1" status="PASS">
          <params>
            <param index="0">
              <value>
                <![CDATA[[TestResult name=UserCanAddAddress status=SUCCESS method=AddShippingAddressTest.UserCanAddAddress()[pri:1, instance:tests.AddShippingAddressTest@19a544cd] output={null}]]]>
              </value>
            </param>
          </params>
          <reporter-output>
          </reporter-output>
        </test-method> <!-- takescreenshot -->
        <test-method is-config="true" signature="quitBrowser()[pri:0, instance:tests.AddShippingAddressTest@19a544cd]" started-at="2021-12-17T07:56:45 EET" name="quitBrowser" finished-at="2021-12-17T07:56:45 EET" duration-ms="228" status="PASS">
          <reporter-output>
          </reporter-output>
        </test-method> <!-- quitBrowser -->
      </class> <!-- tests.AddShippingAddressTest -->
    </test> <!-- Default test -->
  </suite> <!-- Default suite -->
</testng-results>
