<?xml version="1.0" encoding="UTF-8"?>
<testng-results ignored="0" total="2" passed="2" failed="0" skipped="0">
  <reporter-output>
  </reporter-output>
  <suite started-at="2021-12-10T10:44:15 EET" name="Default suite" finished-at="2021-12-10T10:44:24 EET" duration-ms="9695">
    <groups>
    </groups>
    <test started-at="2021-12-10T10:44:15 EET" name="Default test" finished-at="2021-12-10T10:44:24 EET" duration-ms="9695">
      <class name="tests.AddShippingAddressTest">
        <test-method is-config="true" signature="startDriver()[pri:0, instance:tests.AddShippingAddressTest@153cf928]" started-at="2021-12-10T10:44:11 EET" name="startDriver" finished-at="2021-12-10T10:44:15 EET" duration-ms="3744" status="PASS">
          <reporter-output>
          </reporter-output>
        </test-method> <!-- startDriver -->
        <test-method signature="UserCanReg()[pri:0, instance:tests.AddShippingAddressTest@153cf928]" started-at="2021-12-10T10:44:15 EET" name="UserCanReg" finished-at="2021-12-10T10:44:18 EET" duration-ms="3063" status="PASS">
          <reporter-output>
          </reporter-output>
        </test-method> <!-- UserCanReg -->
        <test-method signature="UserCanAddAddress()[pri:1, instance:tests.AddShippingAddressTest@153cf928]" started-at="2021-12-10T10:44:18 EET" name="UserCanAddAddress" finished-at="2021-12-10T10:44:24 EET" duration-ms="6601" status="PASS">
          <reporter-output>
          </reporter-output>
        </test-method> <!-- UserCanAddAddress -->
        <test-method is-config="true" signature="quitBrowser()[pri:0, instance:tests.AddShippingAddressTest@153cf928]" started-at="2021-12-10T10:44:25 EET" name="quitBrowser" finished-at="2021-12-10T10:44:25 EET" duration-ms="0" status="PASS">
          <reporter-output>
          </reporter-output>
        </test-method> <!-- quitBrowser -->
      </class> <!-- tests.AddShippingAddressTest -->
    </test> <!-- Default test -->
  </suite> <!-- Default suite -->
</testng-results>
